<?xml version="1.0" encoding="UTF-8"?>
<testsuite xmlns:xsi="http://www.w3.org/2001/XMLSchema-instance" xsi:noNamespaceSchemaLocation="https://maven.apache.org/surefire/maven-surefire-plugin/xsd/surefire-test-report.xsd" version="3.0.2" name="com.Deteccion_estrabismo.backend.Service.AuthServiceTest" time="2.939" tests="14" errors="0" skipped="0" failures="0">
  <properties>
[...]
</properties>
  <testcase name="updatePaciente_WhenValidData_ShouldUpdateFields" classname="com.Deteccion_estrabismo.backend.Service.AuthServiceTest" time="2.261"/>
  <testcase name="updatePaciente_WhenUserNotFound_ShouldReturnError" classname="com.Deteccion_estrabismo.backend.Service.AuthServiceTest" time="0.015"/>
  <testcase name="register_WhenPacienteWithRegistroCivil_ShouldCreateWithoutEmailConfirmation" classname="com.Deteccion_estrabismo.backend.Service.AuthServiceTest" time="0.053"/>
  <testcase name="crearResponsable_WithMapper_ShouldEncodePasswordAndSetDefaults" classname="com.Deteccion_estrabismo.backend.Service.AuthServiceTest" time="0.161"/>
  <testcase name="register_WhenExceptionOccurs_ShouldReturnErrorResponse" classname="com.Deteccion_estrabismo.backend.Service.AuthServiceTest" time="0.041">
    <system-out><![CDATA[2025-11-12T15:18:50.511-05:00 ERROR 5248 --- [backend] [           main] c.D.backend.Service.AuthService          : Error en registro: Error de base de datos
]]></system-out>
  </testcase>
  <testcase name="login_WhenInvalidCredentials_ShouldReturnError" classname="com.Deteccion_estrabismo.backend.Service.AuthServiceTest" time="0.013"/>
  <testcase name="register_WhenPacienteWithResponsable_ShouldLinkResponsable" classname="com.Deteccion_estrabismo.backend.Service.AuthServiceTest" time="0.022"/>
  <testcase name="register_WhenAdministrador_ShouldCreateWithEmailConfirmation" classname="com.Deteccion_estrabismo.backend.Service.AuthServiceTest" time="0.102"/>
  <testcase name="login_WhenExceptionOccurs_ShouldReturnErrorResponse" classname="com.Deteccion_estrabismo.backend.Service.AuthServiceTest" time="0.009"/>
  <testcase name="login_WhenValidCredentials_ShouldReturnToken" classname="com.Deteccion_estrabismo.backend.Service.AuthServiceTest" time="0.013">
    <system-out><![CDATA[2025-11-12T15:18:50.684-05:00  INFO 5248 --- [backend] [           main] c.D.backend.Service.AuthService          : Usuario logueado: test@test.com con rol: RESPONSABLE => Token generado: jwt-token
]]></system-out>
  </testcase>
  <testcase name="register_WhenResponsable_ShouldCreateWithEmailConfirmation" classname="com.Deteccion_estrabismo.backend.Service.AuthServiceTest" time="0.099"/>
  <testcase name="confirmToken_WhenValidToken_ShouldEnableUserAndReturnJWT" classname="com.Deteccion_estrabismo.backend.Service.AuthServiceTest" time="0.01"/>
  <testcase name="crearAdministrador_WithMapper_ShouldEncodePasswordAndSetDefaults" classname="com.Deteccion_estrabismo.backend.Service.AuthServiceTest" time="0.098"/>
  <testcase name="register_WhenEmailAlreadyExists_ShouldReturnError" classname="com.Deteccion_estrabismo.backend.Service.AuthServiceTest" time="0.007"/>
</testsuite>