<?xml version="1.0" encoding="UTF-8"?>
<testsuite xmlns:xsi="http://www.w3.org/2001/XMLSchema-instance" xsi:noNamespaceSchemaLocation="https://maven.apache.org/surefire/maven-surefire-plugin/xsd/surefire-test-report.xsd" version="3.0.2" name="com.Deteccion_estrabismo.backend.BackendApplicationTests" time="16.448" tests="1" errors="0" skipped="0" failures="0">
  <properties>
[...]
</properties>
  <testcase name="contextLoads" classname="com.Deteccion_estrabismo.backend.BackendApplicationTests" time="0.706">
    <system-out><![CDATA[Standard Commons Logging discovery in action with spring-jcl: please remove commons-logging.jar from classpath in order to avoid potential conflicts
15:18:31.853 [main] INFO org.springframework.test.context.support.AnnotationConfigContextLoaderUtils -- Could not detect default configuration classes for test class [com.Deteccion_estrabismo.backend.BackendApplicationTests]: BackendApplicationTests does not declare any static, non-private, non-final, nested classes annotated with @Configuration.
15:18:32.106 [main] INFO org.springframework.boot.test.context.SpringBootTestContextBootstrapper -- Found @SpringBootConfiguration com.Deteccion_estrabismo.backend.BackendApplication for test class com.Deteccion_estrabismo.backend.BackendApplicationTests
15:18:32.562 [main] INFO org.springframework.boot.devtools.restart.RestartApplicationListener -- Restart disabled due to context in which it is running

  .   ____          _            __ _ _
 /\\ / ___'_ __ _ _(_)_ __  __ _ \ \ \ \
( ( )\___ | '_ | '_| | '_ \/ _` | \ \ \ \
 \\/  ___)| |_)| | | | | || (_| |  ) ) ) )
  '  |____| .__|_| |_|_| |_\__, | / / / /
 =========|_|==============|___/=/_/_/_/

 :: Spring Boot ::                (v3.5.5)

2025-11-12T15:18:33.227-05:00  INFO 5248 --- [backend] [           main] c.D.backend.BackendApplicationTests      : Starting BackendApplicationTests using Java 21.0.4 with PID 5248 (started by robin in C:\Users\robin\Documents\DeteccionEstrabismoApp\Backend)
2025-11-12T15:18:33.230-05:00  INFO 5248 --- [backend] [           main] c.D.backend.BackendApplicationTests      : No active profile set, falling back to 1 default profile: "default"
2025-11-12T15:18:35.342-05:00  INFO 5248 --- [backend] [           main] .s.d.r.c.RepositoryConfigurationDelegate : Bootstrapping Spring Data JPA repositories in DEFAULT mode.
2025-11-12T15:18:35.716-05:00  INFO 5248 --- [backend] [           main] .s.d.r.c.RepositoryConfigurationDelegate : Finished Spring Data repository scanning in 350 ms. Found 6 JPA repository interfaces.
2025-11-12T15:18:37.086-05:00  INFO 5248 --- [backend] [           main] o.hibernate.jpa.internal.util.LogHelper  : HHH000204: Processing PersistenceUnitInfo [name: default]
2025-11-12T15:18:37.201-05:00  INFO 5248 --- [backend] [           main] org.hibernate.Version                    : HHH000412: Hibernate ORM core version 6.6.26.Final
2025-11-12T15:18:37.269-05:00  INFO 5248 --- [backend] [           main] o.h.c.internal.RegionFactoryInitiator    : HHH000026: Second-level cache disabled
2025-11-12T15:18:37.504-05:00 DEBUG 5248 --- [backend] [           main] org.hibernate.type.BasicTypeRegistry     : Adding type registration boolean -> org.hibernate.type.BasicTypeReference@5889fc44
2025-11-12T15:18:37.505-05:00 DEBUG 5248 --- [backend] [           main] org.hibernate.type.BasicTypeRegistry     : Adding type registration boolean -> org.hibernate.type.BasicTypeReference@5889fc44
2025-11-12T15:18:37.505-05:00 DEBUG 5248 --- [backend] [           main] org.hibernate.type.BasicTypeRegistry     : Adding type registration java.lang.Boolean -> org.hibernate.type.BasicTypeReference@5889fc44
2025-11-12T15:18:37.505-05:00 DEBUG 5248 --- [backend] [           main] org.hibernate.type.BasicTypeRegistry     : Adding type registration numeric_boolean -> org.hibernate.type.BasicTypeReference@6598caab
2025-11-12T15:18:37.505-05:00 DEBUG 5248 --- [backend] [           main] org.hibernate.type.BasicTypeRegistry     : Adding type registration org.hibernate.type.NumericBooleanConverter -> org.hibernate.type.BasicTypeReference@6598caab
2025-11-12T15:18:37.505-05:00 DEBUG 5248 --- [backend] [           main] org.hibernate.type.BasicTypeRegistry     : Adding type registration true_false -> org.hibernate.type.BasicTypeReference@47f2c722
2025-11-12T15:18:37.505-05:00 DEBUG 5248 --- [backend] [           main] org.hibernate.type.BasicTypeRegistry     : Adding type registration org.hibernate.type.TrueFalseConverter -> org.hibernate.type.BasicTypeReference@47f2c722
2025-11-12T15:18:37.505-05:00 DEBUG 5248 --- [backend] [           main] org.hibernate.type.BasicTypeRegistry     : Adding type registration yes_no -> org.hibernate.type.BasicTypeReference@52ca0ad4
2025-11-12T15:18:37.506-05:00 DEBUG 5248 --- [backend] [           main] org.hibernate.type.BasicTypeRegistry     : Adding type registration org.hibernate.type.YesNoConverter -> org.hibernate.type.BasicTypeReference@52ca0ad4
2025-11-12T15:18:37.506-05:00 DEBUG 5248 --- [backend] [           main] org.hibernate.type.BasicTypeRegistry     : Adding type registration byte -> org.hibernate.type.BasicTypeReference@4536a715
2025-11-12T15:18:37.506-05:00 DEBUG 5248 --- [backend] [           main] org.hibernate.type.BasicTypeRegistry     : Adding type registration byte -> org.hibernate.type.BasicTypeReference@4536a715
2025-11-12T15:18:37.506-05:00 DEBUG 5248 --- [backend] [           main] org.hibernate.type.BasicTypeRegistry     : Adding type registration java.lang.Byte -> org.hibernate.type.BasicTypeReference@4536a715
2025-11-12T15:18:37.507-05:00 DEBUG 5248 --- [backend] [           main] org.hibernate.type.BasicTypeRegistry     : Adding type registration binary -> org.hibernate.type.BasicTypeReference@6658f08a
2025-11-12T15:18:37.507-05:00 DEBUG 5248 --- [backend] [           main] org.hibernate.type.BasicTypeRegistry     : Adding type registration byte[] -> org.hibernate.type.BasicTypeReference@6658f08a
2025-11-12T15:18:37.507-05:00 DEBUG 5248 --- [backend] [           main] org.hibernate.type.BasicTypeRegistry     : Adding type registration [B -> org.hibernate.type.BasicTypeReference@6658f08a
2025-11-12T15:18:37.507-05:00 DEBUG 5248 --- [backend] [           main] org.hibernate.type.BasicTypeRegistry     : Adding type registration binary_wrapper -> org.hibernate.type.BasicTypeReference@37c2f0b4
2025-11-12T15:18:37.508-05:00 DEBUG 5248 --- [backend] [           main] org.hibernate.type.BasicTypeRegistry     : Adding type registration wrapper-binary -> org.hibernate.type.BasicTypeReference@37c2f0b4
2025-11-12T15:18:37.508-05:00 DEBUG 5248 --- [backend] [           main] org.hibernate.type.BasicTypeRegistry     : Adding type registration image -> org.hibernate.type.BasicTypeReference@35dcd032
2025-11-12T15:18:37.508-05:00 DEBUG 5248 --- [backend] [           main] org.hibernate.type.BasicTypeRegistry     : Adding type registration blob -> org.hibernate.type.BasicTypeReference@4522d793
2025-11-12T15:18:37.508-05:00 DEBUG 5248 --- [backend] [           main] org.hibernate.type.BasicTypeRegistry     : Adding type registration java.sql.Blob -> org.hibernate.type.BasicTypeReference@4522d793
2025-11-12T15:18:37.509-05:00 DEBUG 5248 --- [backend] [           main] org.hibernate.type.BasicTypeRegistry     : Adding type registration materialized_blob -> org.hibernate.type.BasicTypeReference@64dfb31d
2025-11-12T15:18:37.509-05:00 DEBUG 5248 --- [backend] [           main] org.hibernate.type.BasicTypeRegistry     : Adding type registration materialized_blob_wrapper -> org.hibernate.type.BasicTypeReference@4438b862
2025-11-12T15:18:37.509-05:00 DEBUG 5248 --- [backend] [           main] org.hibernate.type.BasicTypeRegistry     : Adding type registration short -> org.hibernate.type.BasicTypeReference@17b6ad97
2025-11-12T15:18:37.509-05:00 DEBUG 5248 --- [backend] [           main] org.hibernate.type.BasicTypeRegistry     : Adding type registration short -> org.hibernate.type.BasicTypeReference@17b6ad97
2025-11-12T15:18:37.509-05:00 DEBUG 5248 --- [backend] [           main] org.hibernate.type.BasicTypeRegistry     : Adding type registration java.lang.Short -> org.hibernate.type.BasicTypeReference@17b6ad97
2025-11-12T15:18:37.510-05:00 DEBUG 5248 --- [backend] [           main] org.hibernate.type.BasicTypeRegistry     : Adding type registration integer -> org.hibernate.type.BasicTypeReference@44fb6ebd
2025-11-12T15:18:37.510-05:00 DEBUG 5248 --- [backend] [           main] org.hibernate.type.BasicTypeRegistry     : Adding type registration int -> org.hibernate.type.BasicTypeReference@44fb6ebd
2025-11-12T15:18:37.510-05:00 DEBUG 5248 --- [backend] [           main] org.hibernate.type.BasicTypeRegistry     : Adding type registration java.lang.Integer -> org.hibernate.type.BasicTypeReference@44fb6ebd
2025-11-12T15:18:37.510-05:00 DEBUG 5248 --- [backend] [           main] org.hibernate.type.BasicTypeRegistry     : Adding type registration long -> org.hibernate.type.BasicTypeReference@5da57a64
2025-11-12T15:18:37.511-05:00 DEBUG 5248 --- [backend] [           main] org.hibernate.type.BasicTypeRegistry     : Adding type registration long -> org.hibernate.type.BasicTypeReference@5da57a64
2025-11-12T15:18:37.514-05:00 DEBUG 5248 --- [backend] [           main] org.hibernate.type.BasicTypeRegistry     : Adding type registration java.lang.Long -> org.hibernate.type.BasicTypeReference@5da57a64
2025-11-12T15:18:37.515-05:00 DEBUG 5248 --- [backend] [           main] org.hibernate.type.BasicTypeRegistry     : Adding type registration float -> org.hibernate.type.BasicTypeReference@5cdf221a
2025-11-12T15:18:37.516-05:00 DEBUG 5248 --- [backend] [           main] org.hibernate.type.BasicTypeRegistry     : Adding type registration float -> org.hibernate.type.BasicTypeReference@5cdf221a
2025-11-12T15:18:37.516-05:00 DEBUG 5248 --- [backend] [           main] org.hibernate.type.BasicTypeRegistry     : Adding type registration java.lang.Float -> org.hibernate.type.BasicTypeReference@5cdf221a
2025-11-12T15:18:37.517-05:00 DEBUG 5248 --- [backend] [           main] org.hibernate.type.BasicTypeRegistry     : Adding type registration double -> org.hibernate.type.BasicTypeReference@7e27f603
2025-11-12T15:18:37.517-05:00 DEBUG 5248 --- [backend] [           main] org.hibernate.type.BasicTypeRegistry     : Adding type registration double -> org.hibernate.type.BasicTypeReference@7e27f603
2025-11-12T15:18:37.517-05:00 DEBUG 5248 --- [backend] [           main] org.hibernate.type.BasicTypeRegistry     : Adding type registration java.lang.Double -> org.hibernate.type.BasicTypeReference@7e27f603
2025-11-12T15:18:37.520-05:00 DEBUG 5248 --- [backend] [           main] org.hibernate.type.BasicTypeRegistry     : Adding type registration big_integer -> org.hibernate.type.BasicTypeReference@6136e1fc
2025-11-12T15:18:37.520-05:00 DEBUG 5248 --- [backend] [           main] org.hibernate.type.BasicTypeRegistry     : Adding type registration java.math.BigInteger -> org.hibernate.type.BasicTypeReference@6136e1fc
2025-11-12T15:18:37.522-05:00 DEBUG 5248 --- [backend] [           main] org.hibernate.type.BasicTypeRegistry     : Adding type registration big_decimal -> org.hibernate.type.BasicTypeReference@1736c1e4
2025-11-12T15:18:37.522-05:00 DEBUG 5248 --- [backend] [           main] org.hibernate.type.BasicTypeRegistry     : Adding type registration java.math.BigDecimal -> org.hibernate.type.BasicTypeReference@1736c1e4
2025-11-12T15:18:37.523-05:00 DEBUG 5248 --- [backend] [           main] org.hibernate.type.BasicTypeRegistry     : Adding type registration character -> org.hibernate.type.BasicTypeReference@32dcfeea
2025-11-12T15:18:37.523-05:00 DEBUG 5248 --- [backend] [           main] org.hibernate.type.BasicTypeRegistry     : Adding type registration char -> org.hibernate.type.BasicTypeReference@32dcfeea
2025-11-12T15:18:37.523-05:00 DEBUG 5248 --- [backend] [           main] org.hibernate.type.BasicTypeRegistry     : Adding type registration java.lang.Character -> org.hibernate.type.BasicTypeReference@32dcfeea
2025-11-12T15:18:37.524-05:00 DEBUG 5248 --- [backend] [           main] org.hibernate.type.BasicTypeRegistry     : Adding type registration character_nchar -> org.hibernate.type.BasicTypeReference@738a815c
2025-11-12T15:18:37.525-05:00 DEBUG 5248 --- [backend] [           main] org.hibernate.type.BasicTypeRegistry     : Adding type registration string -> org.hibernate.type.BasicTypeReference@2565a7d0
2025-11-12T15:18:37.525-05:00 DEBUG 5248 --- [backend] [           main] org.hibernate.type.BasicTypeRegistry     : Adding type registration java.lang.String -> org.hibernate.type.BasicTypeReference@2565a7d0
2025-11-12T15:18:37.525-05:00 DEBUG 5248 --- [backend] [           main] org.hibernate.type.BasicTypeRegistry     : Adding type registration nstring -> org.hibernate.type.BasicTypeReference@4fd7b79
2025-11-12T15:18:37.525-05:00 DEBUG 5248 --- [backend] [           main] org.hibernate.type.BasicTypeRegistry     : Adding type registration characters -> org.hibernate.type.BasicTypeReference@5103eea2
2025-11-12T15:18:37.526-05:00 DEBUG 5248 --- [backend] [           main] org.hibernate.type.BasicTypeRegistry     : Adding type registration char[] -> org.hibernate.type.BasicTypeReference@5103eea2
2025-11-12T15:18:37.526-05:00 DEBUG 5248 --- [backend] [           main] org.hibernate.type.BasicTypeRegistry     : Adding type registration [C -> org.hibernate.type.BasicTypeReference@5103eea2
2025-11-12T15:18:37.532-05:00 DEBUG 5248 --- [backend] [           main] org.hibernate.type.BasicTypeRegistry     : Adding type registration wrapper-characters -> org.hibernate.type.BasicTypeReference@762405bf
2025-11-12T15:18:37.536-05:00 DEBUG 5248 --- [backend] [           main] org.hibernate.type.BasicTypeRegistry     : Adding type registration text -> org.hibernate.type.BasicTypeReference@7e77678c
2025-11-12T15:18:37.536-05:00 DEBUG 5248 --- [backend] [           main] org.hibernate.type.BasicTypeRegistry     : Adding type registration ntext -> org.hibernate.type.BasicTypeReference@113eed88
2025-11-12T15:18:37.537-05:00 DEBUG 5248 --- [backend] [           main] org.hibernate.type.BasicTypeRegistry     : Adding type registration clob -> org.hibernate.type.BasicTypeReference@5f0677f3
2025-11-12T15:18:37.537-05:00 DEBUG 5248 --- [backend] [           main] org.hibernate.type.BasicTypeRegistry     : Adding type registration java.sql.Clob -> org.hibernate.type.BasicTypeReference@5f0677f3
2025-11-12T15:18:37.537-05:00 DEBUG 5248 --- [backend] [           main] org.hibernate.type.BasicTypeRegistry     : Adding type registration nclob -> org.hibernate.type.BasicTypeReference@9d99851
2025-11-12T15:18:37.538-05:00 DEBUG 5248 --- [backend] [           main] org.hibernate.type.BasicTypeRegistry     : Adding type registration java.sql.NClob -> org.hibernate.type.BasicTypeReference@9d99851
2025-11-12T15:18:37.538-05:00 DEBUG 5248 --- [backend] [           main] org.hibernate.type.BasicTypeRegistry     : Adding type registration materialized_clob -> org.hibernate.type.BasicTypeReference@4cd7d5e1
2025-11-12T15:18:37.538-05:00 DEBUG 5248 --- [backend] [           main] org.hibernate.type.BasicTypeRegistry     : Adding type registration materialized_clob_char_array -> org.hibernate.type.BasicTypeReference@2ae3235e
2025-11-12T15:18:37.538-05:00 DEBUG 5248 --- [backend] [           main] org.hibernate.type.BasicTypeRegistry     : Adding type registration materialized_clob_character_array -> org.hibernate.type.BasicTypeReference@46b6701e
2025-11-12T15:18:37.539-05:00 DEBUG 5248 --- [backend] [           main] org.hibernate.type.BasicTypeRegistry     : Adding type registration materialized_nclob -> org.hibernate.type.BasicTypeReference@3686389
2025-11-12T15:18:37.539-05:00 DEBUG 5248 --- [backend] [           main] org.hibernate.type.BasicTypeRegistry     : Adding type registration materialized_nclob_character_array -> org.hibernate.type.BasicTypeReference@71e2c6d8
2025-11-12T15:18:37.539-05:00 DEBUG 5248 --- [backend] [           main] org.hibernate.type.BasicTypeRegistry     : Adding type registration materialized_nclob_char_array -> org.hibernate.type.BasicTypeReference@4228f269
2025-11-12T15:18:37.541-05:00 DEBUG 5248 --- [backend] [           main] org.hibernate.type.BasicTypeRegistry     : Adding type registration Duration -> org.hibernate.type.BasicTypeReference@376b5cb2
2025-11-12T15:18:37.542-05:00 DEBUG 5248 --- [backend] [           main] org.hibernate.type.BasicTypeRegistry     : Adding type registration java.time.Duration -> org.hibernate.type.BasicTypeReference@376b5cb2
2025-11-12T15:18:37.542-05:00 DEBUG 5248 --- [backend] [           main] org.hibernate.type.BasicTypeRegistry     : Adding type registration LocalDateTime -> org.hibernate.type.BasicTypeReference@775f15fd
2025-11-12T15:18:37.543-05:00 DEBUG 5248 --- [backend] [           main] org.hibernate.type.BasicTypeRegistry     : Adding type registration java.time.LocalDateTime -> org.hibernate.type.BasicTypeReference@775f15fd
2025-11-12T15:18:37.543-05:00 DEBUG 5248 --- [backend] [           main] org.hibernate.type.BasicTypeRegistry     : Adding type registration LocalDate -> org.hibernate.type.BasicTypeReference@106cd9c8
2025-11-12T15:18:37.544-05:00 DEBUG 5248 --- [backend] [           main] org.hibernate.type.BasicTypeRegistry     : Adding type registration java.time.LocalDate -> org.hibernate.type.BasicTypeReference@106cd9c8
2025-11-12T15:18:37.544-05:00 DEBUG 5248 --- [backend] [           main] org.hibernate.type.BasicTypeRegistry     : Adding type registration LocalTime -> org.hibernate.type.BasicTypeReference@1552da16
2025-11-12T15:18:37.544-05:00 DEBUG 5248 --- [backend] [           main] org.hibernate.type.BasicTypeRegistry     : Adding type registration java.time.LocalTime -> org.hibernate.type.BasicTypeReference@1552da16
2025-11-12T15:18:37.545-05:00 DEBUG 5248 --- [backend] [           main] org.hibernate.type.BasicTypeRegistry     : Adding type registration OffsetDateTime -> org.hibernate.type.BasicTypeReference@78318ac2
2025-11-12T15:18:37.545-05:00 DEBUG 5248 --- [backend] [           main] org.hibernate.type.BasicTypeRegistry     : Adding type registration java.time.OffsetDateTime -> org.hibernate.type.BasicTypeReference@78318ac2
2025-11-12T15:18:37.545-05:00 DEBUG 5248 --- [backend] [           main] org.hibernate.type.BasicTypeRegistry     : Adding type registration OffsetDateTimeWithTimezone -> org.hibernate.type.BasicTypeReference@77ce88c4
2025-11-12T15:18:37.545-05:00 DEBUG 5248 --- [backend] [           main] org.hibernate.type.BasicTypeRegistry     : Adding type registration OffsetDateTimeWithoutTimezone -> org.hibernate.type.BasicTypeReference@11abd6c
2025-11-12T15:18:37.547-05:00 DEBUG 5248 --- [backend] [           main] org.hibernate.type.BasicTypeRegistry     : Adding type registration OffsetTime -> org.hibernate.type.BasicTypeReference@29b5533
2025-11-12T15:18:37.547-05:00 DEBUG 5248 --- [backend] [           main] org.hibernate.type.BasicTypeRegistry     : Adding type registration java.time.OffsetTime -> org.hibernate.type.BasicTypeReference@29b5533
2025-11-12T15:18:37.547-05:00 DEBUG 5248 --- [backend] [           main] org.hibernate.type.BasicTypeRegistry     : Adding type registration OffsetTimeUtc -> org.hibernate.type.BasicTypeReference@7608a838
2025-11-12T15:18:37.548-05:00 DEBUG 5248 --- [backend] [           main] org.hibernate.type.BasicTypeRegistry     : Adding type registration OffsetTimeWithTimezone -> org.hibernate.type.BasicTypeReference@75839695
2025-11-12T15:18:37.548-05:00 DEBUG 5248 --- [backend] [           main] org.hibernate.type.BasicTypeRegistry     : Adding type registration OffsetTimeWithoutTimezone -> org.hibernate.type.BasicTypeReference@21a6a494
2025-11-12T15:18:37.548-05:00 DEBUG 5248 --- [backend] [           main] org.hibernate.type.BasicTypeRegistry     : Adding type registration ZonedDateTime -> org.hibernate.type.BasicTypeReference@794c5f5e
2025-11-12T15:18:37.548-05:00 DEBUG 5248 --- [backend] [           main] org.hibernate.type.BasicTypeRegistry     : Adding type registration java.time.ZonedDateTime -> org.hibernate.type.BasicTypeReference@794c5f5e
2025-11-12T15:18:37.549-05:00 DEBUG 5248 --- [backend] [           main] org.hibernate.type.BasicTypeRegistry     : Adding type registration ZonedDateTimeWithTimezone -> org.hibernate.type.BasicTypeReference@4ab66127
2025-11-12T15:18:37.549-05:00 DEBUG 5248 --- [backend] [           main] org.hibernate.type.BasicTypeRegistry     : Adding type registration ZonedDateTimeWithoutTimezone -> org.hibernate.type.BasicTypeReference@236861da
2025-11-12T15:18:37.550-05:00 DEBUG 5248 --- [backend] [           main] org.hibernate.type.BasicTypeRegistry     : Adding type registration date -> org.hibernate.type.BasicTypeReference@37fef327
2025-11-12T15:18:37.550-05:00 DEBUG 5248 --- [backend] [           main] org.hibernate.type.BasicTypeRegistry     : Adding type registration java.sql.Date -> org.hibernate.type.BasicTypeReference@37fef327
2025-11-12T15:18:37.550-05:00 DEBUG 5248 --- [backend] [           main] org.hibernate.type.BasicTypeRegistry     : Adding type registration time -> org.hibernate.type.BasicTypeReference@2cd3fc29
2025-11-12T15:18:37.550-05:00 DEBUG 5248 --- [backend] [           main] org.hibernate.type.BasicTypeRegistry     : Adding type registration java.sql.Time -> org.hibernate.type.BasicTypeReference@2cd3fc29
2025-11-12T15:18:37.550-05:00 DEBUG 5248 --- [backend] [           main] org.hibernate.type.BasicTypeRegistry     : Adding type registration timestamp -> org.hibernate.type.BasicTypeReference@55951fcd
2025-11-12T15:18:37.551-05:00 DEBUG 5248 --- [backend] [           main] org.hibernate.type.BasicTypeRegistry     : Adding type registration java.sql.Timestamp -> org.hibernate.type.BasicTypeReference@55951fcd
2025-11-12T15:18:37.551-05:00 DEBUG 5248 --- [backend] [           main] org.hibernate.type.BasicTypeRegistry     : Adding type registration java.util.Date -> org.hibernate.type.BasicTypeReference@55951fcd
2025-11-12T15:18:37.551-05:00 DEBUG 5248 --- [backend] [           main] org.hibernate.type.BasicTypeRegistry     : Adding type registration calendar -> org.hibernate.type.BasicTypeReference@3513d214
2025-11-12T15:18:37.551-05:00 DEBUG 5248 --- [backend] [           main] org.hibernate.type.BasicTypeRegistry     : Adding type registration java.util.Calendar -> org.hibernate.type.BasicTypeReference@3513d214
2025-11-12T15:18:37.552-05:00 DEBUG 5248 --- [backend] [           main] org.hibernate.type.BasicTypeRegistry     : Adding type registration java.util.GregorianCalendar -> org.hibernate.type.BasicTypeReference@3513d214
2025-11-12T15:18:37.552-05:00 DEBUG 5248 --- [backend] [           main] org.hibernate.type.BasicTypeRegistry     : Adding type registration calendar_date -> org.hibernate.type.BasicTypeReference@7534785a
2025-11-12T15:18:37.552-05:00 DEBUG 5248 --- [backend] [           main] org.hibernate.type.BasicTypeRegistry     : Adding type registration calendar_time -> org.hibernate.type.BasicTypeReference@46b5f061
2025-11-12T15:18:37.552-05:00 DEBUG 5248 --- [backend] [           main] org.hibernate.type.BasicTypeRegistry     : Adding type registration instant -> org.hibernate.type.BasicTypeReference@3ba3f40d
2025-11-12T15:18:37.552-05:00 DEBUG 5248 --- [backend] [           main] org.hibernate.type.BasicTypeRegistry     : Adding type registration java.time.Instant -> org.hibernate.type.BasicTypeReference@3ba3f40d
2025-11-12T15:18:37.553-05:00 DEBUG 5248 --- [backend] [           main] org.hibernate.type.BasicTypeRegistry     : Adding type registration uuid -> org.hibernate.type.BasicTypeReference@108b121f
2025-11-12T15:18:37.553-05:00 DEBUG 5248 --- [backend] [           main] org.hibernate.type.BasicTypeRegistry     : Adding type registration java.util.UUID -> org.hibernate.type.BasicTypeReference@108b121f
2025-11-12T15:18:37.553-05:00 DEBUG 5248 --- [backend] [           main] org.hibernate.type.BasicTypeRegistry     : Adding type registration pg-uuid -> org.hibernate.type.BasicTypeReference@108b121f
2025-11-12T15:18:37.553-05:00 DEBUG 5248 --- [backend] [           main] org.hibernate.type.BasicTypeRegistry     : Adding type registration uuid-binary -> org.hibernate.type.BasicTypeReference@46ab4efc
2025-11-12T15:18:37.554-05:00 DEBUG 5248 --- [backend] [           main] org.hibernate.type.BasicTypeRegistry     : Adding type registration uuid-char -> org.hibernate.type.BasicTypeReference@2ff498b0
2025-11-12T15:18:37.554-05:00 DEBUG 5248 --- [backend] [           main] org.hibernate.type.BasicTypeRegistry     : Adding type registration class -> org.hibernate.type.BasicTypeReference@b5312df
2025-11-12T15:18:37.554-05:00 DEBUG 5248 --- [backend] [           main] org.hibernate.type.BasicTypeRegistry     : Adding type registration java.lang.Class -> org.hibernate.type.BasicTypeReference@b5312df
2025-11-12T15:18:37.554-05:00 DEBUG 5248 --- [backend] [           main] org.hibernate.type.BasicTypeRegistry     : Adding type registration currency -> org.hibernate.type.BasicTypeReference@4300e240
2025-11-12T15:18:37.555-05:00 DEBUG 5248 --- [backend] [           main] org.hibernate.type.BasicTypeRegistry     : Adding type registration Currency -> org.hibernate.type.BasicTypeReference@4300e240
2025-11-12T15:18:37.555-05:00 DEBUG 5248 --- [backend] [           main] org.hibernate.type.BasicTypeRegistry     : Adding type registration java.util.Currency -> org.hibernate.type.BasicTypeReference@4300e240
2025-11-12T15:18:37.555-05:00 DEBUG 5248 --- [backend] [           main] org.hibernate.type.BasicTypeRegistry     : Adding type registration locale -> org.hibernate.type.BasicTypeReference@5f409872
2025-11-12T15:18:37.555-05:00 DEBUG 5248 --- [backend] [           main] org.hibernate.type.BasicTypeRegistry     : Adding type registration java.util.Locale -> org.hibernate.type.BasicTypeReference@5f409872
2025-11-12T15:18:37.555-05:00 DEBUG 5248 --- [backend] [           main] org.hibernate.type.BasicTypeRegistry     : Adding type registration serializable -> org.hibernate.type.BasicTypeReference@547aaa32
2025-11-12T15:18:37.555-05:00 DEBUG 5248 --- [backend] [           main] org.hibernate.type.BasicTypeRegistry     : Adding type registration java.io.Serializable -> org.hibernate.type.BasicTypeReference@547aaa32
2025-11-12T15:18:37.556-05:00 DEBUG 5248 --- [backend] [           main] org.hibernate.type.BasicTypeRegistry     : Adding type registration timezone -> org.hibernate.type.BasicTypeReference@472c9f88
2025-11-12T15:18:37.556-05:00 DEBUG 5248 --- [backend] [           main] org.hibernate.type.BasicTypeRegistry     : Adding type registration java.util.TimeZone -> org.hibernate.type.BasicTypeReference@472c9f88
2025-11-12T15:18:37.556-05:00 DEBUG 5248 --- [backend] [           main] org.hibernate.type.BasicTypeRegistry     : Adding type registration ZoneOffset -> org.hibernate.type.BasicTypeReference@37a67cf
2025-11-12T15:18:37.556-05:00 DEBUG 5248 --- [backend] [           main] org.hibernate.type.BasicTypeRegistry     : Adding type registration java.time.ZoneOffset -> org.hibernate.type.BasicTypeReference@37a67cf
2025-11-12T15:18:37.556-05:00 DEBUG 5248 --- [backend] [           main] org.hibernate.type.BasicTypeRegistry     : Adding type registration url -> org.hibernate.type.BasicTypeReference@5822ecda
2025-11-12T15:18:37.557-05:00 DEBUG 5248 --- [backend] [           main] org.hibernate.type.BasicTypeRegistry     : Adding type registration java.net.URL -> org.hibernate.type.BasicTypeReference@5822ecda
2025-11-12T15:18:37.557-05:00 DEBUG 5248 --- [backend] [           main] org.hibernate.type.BasicTypeRegistry     : Adding type registration vector -> org.hibernate.type.BasicTypeReference@5908e6d6
2025-11-12T15:18:37.557-05:00 DEBUG 5248 --- [backend] [           main] org.hibernate.type.BasicTypeRegistry     : Adding type registration float_vector -> org.hibernate.type.BasicTypeReference@7afbf2a0
2025-11-12T15:18:37.557-05:00 DEBUG 5248 --- [backend] [           main] org.hibernate.type.BasicTypeRegistry     : Adding type registration double_vector -> org.hibernate.type.BasicTypeReference@2a6fb62f
2025-11-12T15:18:37.557-05:00 DEBUG 5248 --- [backend] [           main] org.hibernate.type.BasicTypeRegistry     : Adding type registration byte_vector -> org.hibernate.type.BasicTypeReference@65e4cb84
2025-11-12T15:18:37.559-05:00 DEBUG 5248 --- [backend] [           main] org.hibernate.type.BasicTypeRegistry     : Adding type registration row_version -> org.hibernate.type.BasicTypeReference@7b44bfb8
2025-11-12T15:18:37.570-05:00 DEBUG 5248 --- [backend] [           main] org.hibernate.type.BasicTypeRegistry     : Adding type registration object -> org.hibernate.type.JavaObjectType@3b57f915
2025-11-12T15:18:37.571-05:00 DEBUG 5248 --- [backend] [           main] org.hibernate.type.BasicTypeRegistry     : Adding type registration java.lang.Object -> org.hibernate.type.JavaObjectType@3b57f915
2025-11-12T15:18:37.574-05:00 DEBUG 5248 --- [backend] [           main] org.hibernate.type.BasicTypeRegistry     : Adding type registration null -> org.hibernate.type.NullType@45d389f2
2025-11-12T15:18:37.575-05:00 DEBUG 5248 --- [backend] [           main] org.hibernate.type.BasicTypeRegistry     : Adding type registration imm_date -> org.hibernate.type.BasicTypeReference@308e87a1
2025-11-12T15:18:37.575-05:00 DEBUG 5248 --- [backend] [           main] org.hibernate.type.BasicTypeRegistry     : Adding type registration imm_time -> org.hibernate.type.BasicTypeReference@66298fe9
2025-11-12T15:18:37.575-05:00 DEBUG 5248 --- [backend] [           main] org.hibernate.type.BasicTypeRegistry     : Adding type registration imm_timestamp -> org.hibernate.type.BasicTypeReference@c262f2f
2025-11-12T15:18:37.575-05:00 DEBUG 5248 --- [backend] [           main] org.hibernate.type.BasicTypeRegistry     : Adding type registration imm_calendar -> org.hibernate.type.BasicTypeReference@5563bb40
2025-11-12T15:18:37.575-05:00 DEBUG 5248 --- [backend] [           main] org.hibernate.type.BasicTypeRegistry     : Adding type registration imm_calendar_date -> org.hibernate.type.BasicTypeReference@11148dc2
2025-11-12T15:18:37.576-05:00 DEBUG 5248 --- [backend] [           main] org.hibernate.type.BasicTypeRegistry     : Adding type registration imm_calendar_time -> org.hibernate.type.BasicTypeReference@3be80ece
2025-11-12T15:18:37.576-05:00 DEBUG 5248 --- [backend] [           main] org.hibernate.type.BasicTypeRegistry     : Adding type registration imm_binary -> org.hibernate.type.BasicTypeReference@60a01cb
2025-11-12T15:18:37.576-05:00 DEBUG 5248 --- [backend] [           main] org.hibernate.type.BasicTypeRegistry     : Adding type registration imm_serializable -> org.hibernate.type.BasicTypeReference@4efb13f1
2025-11-12T15:18:37.995-05:00  INFO 5248 --- [backend] [           main] o.s.o.j.p.SpringPersistenceUnitInfo      : No LoadTimeWeaver setup: ignoring JPA class transformer
2025-11-12T15:18:38.077-05:00  INFO 5248 --- [backend] [           main] com.zaxxer.hikari.HikariDataSource       : HikariPool-1 - Starting...
2025-11-12T15:18:39.838-05:00  INFO 5248 --- [backend] [           main] com.zaxxer.hikari.pool.HikariPool        : HikariPool-1 - Added connection org.postgresql.jdbc.PgConnection@40dee07b
2025-11-12T15:18:39.841-05:00  INFO 5248 --- [backend] [           main] com.zaxxer.hikari.HikariDataSource       : HikariPool-1 - Start completed.
2025-11-12T15:18:40.016-05:00  WARN 5248 --- [backend] [           main] org.hibernate.orm.deprecation            : HHH90000025: PostgreSQLDialect does not need to be specified explicitly using 'hibernate.dialect' (remove the property setting and it will be selected by default)
2025-11-12T15:18:40.343-05:00  INFO 5248 --- [backend] [           main] org.hibernate.orm.connections.pooling    : HHH10001005: Database info:
	Database JDBC URL [Connecting through datasource 'HikariDataSource (HikariPool-1)']
	Database driver: undefined/unknown
	Database version: 17.4
	Autocommit mode: undefined/unknown
	Isolation level: undefined/unknown
	Minimum pool size: undefined/unknown
	Maximum pool size: undefined/unknown
2025-11-12T15:18:40.359-05:00 DEBUG 5248 --- [backend] [           main] o.h.t.d.sql.spi.DdlTypeRegistry          : addDescriptor(2003, org.hibernate.type.descriptor.sql.internal.ArrayDdlTypeImpl@4bf10fe1) replaced previous registration(org.hibernate.type.descriptor.sql.internal.ArrayDdlTypeImpl@543d2ef3)
2025-11-12T15:18:40.359-05:00 DEBUG 5248 --- [backend] [           main] o.h.t.d.sql.spi.DdlTypeRegistry          : addDescriptor(6, org.hibernate.type.descriptor.sql.internal.CapacityDependentDdlType@399c408c) replaced previous registration(org.hibernate.type.descriptor.sql.internal.DdlTypeImpl@99223ac)
2025-11-12T15:18:40.377-05:00 DEBUG 5248 --- [backend] [           main] o.h.t.d.jdbc.spi.JdbcTypeRegistry        : addDescriptor(2004, BlobTypeDescriptor(BLOB_BINDING)) replaced previous registration(BlobTypeDescriptor(DEFAULT))
2025-11-12T15:18:40.377-05:00 DEBUG 5248 --- [backend] [           main] o.h.t.d.jdbc.spi.JdbcTypeRegistry        : addDescriptor(2005, ClobTypeDescriptor(CLOB_BINDING)) replaced previous registration(ClobTypeDescriptor(DEFAULT))
2025-11-12T15:18:40.391-05:00 DEBUG 5248 --- [backend] [           main] org.hibernate.type.BasicTypeRegistry     : Adding type registration JAVA_OBJECT -> org.hibernate.type.JavaObjectType@3fd9e01c
2025-11-12T15:18:40.391-05:00 DEBUG 5248 --- [backend] [           main] org.hibernate.type.BasicTypeRegistry     : Adding type registration java.lang.Object -> org.hibernate.type.JavaObjectType@3fd9e01c
2025-11-12T15:18:40.391-05:00 DEBUG 5248 --- [backend] [           main] org.hibernate.type.BasicTypeRegistry     : Type registration key [java.lang.Object] overrode previous entry : `org.hibernate.type.JavaObjectType@3b57f915`
2025-11-12T15:18:40.399-05:00 DEBUG 5248 --- [backend] [           main] org.hibernate.type.BasicTypeRegistry     : Adding type registration org.hibernate.type.DurationType -> basicType@1(java.time.Duration,3015)
2025-11-12T15:18:40.399-05:00 DEBUG 5248 --- [backend] [           main] org.hibernate.type.BasicTypeRegistry     : Adding type registration Duration -> basicType@1(java.time.Duration,3015)
2025-11-12T15:18:40.399-05:00 DEBUG 5248 --- [backend] [           main] org.hibernate.type.BasicTypeRegistry     : Adding type registration java.time.Duration -> basicType@1(java.time.Duration,3015)
2025-11-12T15:18:40.405-05:00 DEBUG 5248 --- [backend] [           main] org.hibernate.type.BasicTypeRegistry     : Adding type registration org.hibernate.type.OffsetDateTimeType -> basicType@2(java.time.OffsetDateTime,3003)
2025-11-12T15:18:40.406-05:00 DEBUG 5248 --- [backend] [           main] org.hibernate.type.BasicTypeRegistry     : Adding type registration OffsetDateTime -> basicType@2(java.time.OffsetDateTime,3003)
2025-11-12T15:18:40.406-05:00 DEBUG 5248 --- [backend] [           main] org.hibernate.type.BasicTypeRegistry     : Adding type registration java.time.OffsetDateTime -> basicType@2(java.time.OffsetDateTime,3003)
2025-11-12T15:18:40.406-05:00 DEBUG 5248 --- [backend] [           main] org.hibernate.type.BasicTypeRegistry     : Adding type registration org.hibernate.type.ZonedDateTimeType -> basicType@3(java.time.ZonedDateTime,3003)
2025-11-12T15:18:40.406-05:00 DEBUG 5248 --- [backend] [           main] org.hibernate.type.BasicTypeRegistry     : Adding type registration ZonedDateTime -> basicType@3(java.time.ZonedDateTime,3003)
2025-11-12T15:18:40.406-05:00 DEBUG 5248 --- [backend] [           main] org.hibernate.type.BasicTypeRegistry     : Adding type registration java.time.ZonedDateTime -> basicType@3(java.time.ZonedDateTime,3003)
2025-11-12T15:18:40.407-05:00 DEBUG 5248 --- [backend] [           main] org.hibernate.type.BasicTypeRegistry     : Adding type registration org.hibernate.type.OffsetTimeType -> basicType@4(java.time.OffsetTime,3007)
2025-11-12T15:18:40.407-05:00 DEBUG 5248 --- [backend] [           main] org.hibernate.type.BasicTypeRegistry     : Adding type registration OffsetTime -> basicType@4(java.time.OffsetTime,3007)
2025-11-12T15:18:40.408-05:00 DEBUG 5248 --- [backend] [           main] org.hibernate.type.BasicTypeRegistry     : Adding type registration java.time.OffsetTime -> basicType@4(java.time.OffsetTime,3007)
2025-11-12T15:18:40.410-05:00 DEBUG 5248 --- [backend] [           main] o.h.type.spi.TypeConfiguration$Scope     : Scoping TypeConfiguration [org.hibernate.type.spi.TypeConfiguration@563c3aca] to MetadataBuildingContext [org.hibernate.boot.internal.MetadataBuildingContextRootImpl@53e166ad]
2025-11-12T15:18:42.562-05:00  INFO 5248 --- [backend] [           main] o.h.e.t.j.p.i.JtaPlatformInitiator       : HHH000489: No JTA platform available (set 'hibernate.transaction.jta.platform' to enable JTA platform integration)
2025-11-12T15:18:42.562-05:00 DEBUG 5248 --- [backend] [           main] o.h.type.spi.TypeConfiguration$Scope     : Scoping TypeConfiguration [org.hibernate.type.spi.TypeConfiguration@563c3aca] to SessionFactoryImplementor [org.hibernate.internal.SessionFactoryImpl@182469d0]
2025-11-12T15:18:43.044-05:00 TRACE 5248 --- [backend] [           main] o.h.type.spi.TypeConfiguration$Scope     : Handling #sessionFactoryCreated from [org.hibernate.internal.SessionFactoryImpl@182469d0] for TypeConfiguration
2025-11-12T15:18:43.044-05:00  INFO 5248 --- [backend] [           main] j.LocalContainerEntityManagerFactoryBean : Initialized JPA EntityManagerFactory for persistence unit 'default'
2025-11-12T15:18:43.974-05:00  INFO 5248 --- [backend] [           main] eAuthenticationProviderManagerConfigurer : Global AuthenticationManager configured with AuthenticationProvider bean with name authenticationProvider
2025-11-12T15:18:43.975-05:00  WARN 5248 --- [backend] [           main] r$InitializeUserDetailsManagerConfigurer : Global AuthenticationManager configured with an AuthenticationProvider bean. UserDetailsService beans will not be used by Spring Security for automatically configuring username/password login. Consider removing the AuthenticationProvider bean. Alternatively, consider using the UserDetailsService in a manually instantiated DaoAuthenticationProvider. If the current configuration is intentional, to turn off this warning, increase the logging level of 'org.springframework.security.config.annotation.authentication.configuration.InitializeUserDetailsBeanManagerConfigurer' to ERROR
2025-11-12T15:18:44.016-05:00  INFO 5248 --- [backend] [           main] o.s.d.j.r.query.QueryEnhancerFactory     : Hibernate is in classpath; If applicable, HQL parser will be used.
2025-11-12T15:18:45.405-05:00  WARN 5248 --- [backend] [           main] JpaBaseConfiguration$JpaWebConfiguration : spring.jpa.open-in-view is enabled by default. Therefore, database queries may be performed during view rendering. Explicitly configure spring.jpa.open-in-view to disable this warning
2025-11-12T15:18:47.179-05:00  INFO 5248 --- [backend] [           main] c.D.backend.BackendApplicationTests      : Started BackendApplicationTests in 14.632 seconds (process running for 17.103)
]]></system-out>
    <system-err><![CDATA[SLF4J(W): Class path contains multiple SLF4J providers.
SLF4J(W): Found provider [ch.qos.logback.classic.spi.LogbackServiceProvider@51c668e3]
SLF4J(W): Found provider [org.slf4j.simple.SimpleServiceProvider@2e6a8155]
SLF4J(W): See https://www.slf4j.org/codes.html#multiple_bindings for an explanation.
SLF4J(I): Actual provider is of type [ch.qos.logback.classic.spi.LogbackServiceProvider@51c668e3]
Mockito is currently self-attaching to enable the inline-mock-maker. This will no longer work in future releases of the JDK. Please add Mockito as an agent to your build as described in Mockito's documentation: https://javadoc.io/doc/org.mockito/mockito-core/latest/org.mockito/org/mockito/Mockito.html#0.3
WARNING: A Java agent has been loaded dynamically (C:\Users\robin\.m2\repository\net\bytebuddy\byte-buddy-agent\1.17.7\byte-buddy-agent-1.17.7.jar)
WARNING: If a serviceability tool is in use, please run with -XX:+EnableDynamicAgentLoading to hide this warning
WARNING: If a serviceability tool is not in use, please run with -Djdk.instrument.traceUsage for more information
WARNING: Dynamic loading of agents will be disallowed by default in a future release
]]></system-err>
  </testcase>
</testsuite>